<?xml version="1.0" encoding="UTF-8"?>
<!-- Generated by org.testng.reporters.JUnitReportReporter -->
<testsuite hostname="LAPTOP-K74H2Q73" failures="0" tests="2" name="com.example.tests.LoginTest" time="15.714" errors="0" timestamp="2024-10-09T23:25:48 IST" skipped="0">
  <testcase classname="com.example.tests.LoginTest" name="invalidLoginTest" time="4.886"/>
  <system-out/>
  <testcase classname="com.example.tests.LoginTest" name="validLoginTest" time="10.828"/>
  <system-out/>
</testsuite> <!-- com.example.tests.LoginTest -->
